pyenv: uwsgi: command not found

The `uwsgi' command exists in these Python versions:
  3.6.5/envs/flask_env3
  flask_env3

pyenv: uwsgi: command not found

The `uwsgi' command exists in these Python versions:
  3.6.5/envs/flask_env3
  flask_env3

pyenv: uwsgi: command not found

The `uwsgi' command exists in these Python versions:
  3.6.5/envs/flask_env3
  flask_env3

pyenv: uwsgi: command not found

The `uwsgi' command exists in these Python versions:
  3.6.5/envs/flask_env3
  flask_env3

[uWSGI] getting INI configuration from uwsgi.ini
*** Starting uWSGI 2.0.15 (32bit) on [Tue May 29 21:33:01 2018] ***
compiled with version: 5.4.0 20160609 on 18 May 2018 17:29:33
os: Linux-4.13.0-43-generic #48~16.04.1-Ubuntu SMP Thu May 17 13:00:11 UTC 2018
nodename: huang-VirtualBox
machine: i686
clock source: unix
detected number of CPU cores: 1
current working directory: /home/huang/flask_app
detected binary path: /home/huang/.pyenv/versions/3.6.5/envs/flask_env3/bin/uwsgi
!!! no internal routing support, rebuild with pcre support !!!
chdir() to /home/ubuntu/flask_app
chdir(): No such file or directory [core/uwsgi.c line 2591]
[uWSGI] getting INI configuration from uwsgi.ini
*** Starting uWSGI 2.0.15 (32bit) on [Tue May 29 21:33:02 2018] ***
compiled with version: 5.4.0 20160609 on 18 May 2018 17:29:33
os: Linux-4.13.0-43-generic #48~16.04.1-Ubuntu SMP Thu May 17 13:00:11 UTC 2018
nodename: huang-VirtualBox
machine: i686
clock source: unix
detected number of CPU cores: 1
current working directory: /home/huang/flask_app
detected binary path: /home/huang/.pyenv/versions/3.6.5/envs/flask_env3/bin/uwsgi
!!! no internal routing support, rebuild with pcre support !!!
chdir() to /home/ubuntu/flask_app
chdir(): No such file or directory [core/uwsgi.c line 2591]
[uWSGI] getting INI configuration from uwsgi.ini
*** Starting uWSGI 2.0.15 (32bit) on [Tue May 29 21:33:04 2018] ***
compiled with version: 5.4.0 20160609 on 18 May 2018 17:29:33
os: Linux-4.13.0-43-generic #48~16.04.1-Ubuntu SMP Thu May 17 13:00:11 UTC 2018
nodename: huang-VirtualBox
machine: i686
clock source: unix
detected number of CPU cores: 1
current working directory: /home/huang/flask_app
detected binary path: /home/huang/.pyenv/versions/3.6.5/envs/flask_env3/bin/uwsgi
!!! no internal routing support, rebuild with pcre support !!!
chdir() to /home/ubuntu/flask_app
chdir(): No such file or directory [core/uwsgi.c line 2591]
[uWSGI] getting INI configuration from uwsgi.ini
*** Starting uWSGI 2.0.15 (32bit) on [Tue May 29 21:33:07 2018] ***
compiled with version: 5.4.0 20160609 on 18 May 2018 17:29:33
os: Linux-4.13.0-43-generic #48~16.04.1-Ubuntu SMP Thu May 17 13:00:11 UTC 2018
nodename: huang-VirtualBox
machine: i686
clock source: unix
detected number of CPU cores: 1
current working directory: /home/huang/flask_app
detected binary path: /home/huang/.pyenv/versions/3.6.5/envs/flask_env3/bin/uwsgi
!!! no internal routing support, rebuild with pcre support !!!
chdir() to /home/ubuntu/flask_app
chdir(): No such file or directory [core/uwsgi.c line 2591]
[uWSGI] getting INI configuration from uwsgi.ini
*** Starting uWSGI 2.0.15 (32bit) on [Tue May 29 21:33:15 2018] ***
compiled with version: 5.4.0 20160609 on 18 May 2018 17:29:33
os: Linux-4.13.0-43-generic #48~16.04.1-Ubuntu SMP Thu May 17 13:00:11 UTC 2018
nodename: huang-VirtualBox
machine: i686
clock source: unix
detected number of CPU cores: 1
current working directory: /home/huang/flask_app
detected binary path: /home/huang/.pyenv/versions/3.6.5/envs/flask_env3/bin/uwsgi
!!! no internal routing support, rebuild with pcre support !!!
uWSGI running as root, you can use --uid/--gid/--chroot options
*** WARNING: you are running uWSGI as root !!! (use the --uid flag) *** 
chdir() to /home/ubuntu/flask_app
chdir(): No such file or directory [core/uwsgi.c line 2591]
[uWSGI] getting INI configuration from uwsgi.ini
*** Starting uWSGI 2.0.15 (32bit) on [Tue May 29 21:33:17 2018] ***
compiled with version: 5.4.0 20160609 on 18 May 2018 17:29:33
os: Linux-4.13.0-43-generic #48~16.04.1-Ubuntu SMP Thu May 17 13:00:11 UTC 2018
nodename: huang-VirtualBox
machine: i686
clock source: unix
detected number of CPU cores: 1
current working directory: /home/huang/flask_app
detected binary path: /home/huang/.pyenv/versions/3.6.5/envs/flask_env3/bin/uwsgi
!!! no internal routing support, rebuild with pcre support !!!
uWSGI running as root, you can use --uid/--gid/--chroot options
*** WARNING: you are running uWSGI as root !!! (use the --uid flag) *** 
chdir() to /home/ubuntu/flask_app
chdir(): No such file or directory [core/uwsgi.c line 2591]
[uWSGI] getting INI configuration from uwsgi.ini
*** Starting uWSGI 2.0.15 (32bit) on [Tue May 29 21:33:19 2018] ***
compiled with version: 5.4.0 20160609 on 18 May 2018 17:29:33
os: Linux-4.13.0-43-generic #48~16.04.1-Ubuntu SMP Thu May 17 13:00:11 UTC 2018
nodename: huang-VirtualBox
machine: i686
clock source: unix
detected number of CPU cores: 1
current working directory: /home/huang/flask_app
detected binary path: /home/huang/.pyenv/versions/3.6.5/envs/flask_env3/bin/uwsgi
!!! no internal routing support, rebuild with pcre support !!!
uWSGI running as root, you can use --uid/--gid/--chroot options
*** WARNING: you are running uWSGI as root !!! (use the --uid flag) *** 
chdir() to /home/ubuntu/flask_app
chdir(): No such file or directory [core/uwsgi.c line 2591]
[uWSGI] getting INI configuration from uwsgi.ini
*** Starting uWSGI 2.0.15 (32bit) on [Tue May 29 21:33:23 2018] ***
compiled with version: 5.4.0 20160609 on 18 May 2018 17:29:33
os: Linux-4.13.0-43-generic #48~16.04.1-Ubuntu SMP Thu May 17 13:00:11 UTC 2018
nodename: huang-VirtualBox
machine: i686
clock source: unix
detected number of CPU cores: 1
current working directory: /home/huang/flask_app
detected binary path: /home/huang/.pyenv/versions/3.6.5/envs/flask_env3/bin/uwsgi
!!! no internal routing support, rebuild with pcre support !!!
uWSGI running as root, you can use --uid/--gid/--chroot options
*** WARNING: you are running uWSGI as root !!! (use the --uid flag) *** 
chdir() to /home/ubuntu/flask_app
chdir(): No such file or directory [core/uwsgi.c line 2591]
[uWSGI] getting INI configuration from uwsgi.ini
*** Starting uWSGI 2.0.15 (32bit) on [Tue May 29 21:33:42 2018] ***
compiled with version: 5.4.0 20160609 on 18 May 2018 17:29:33
os: Linux-4.13.0-43-generic #48~16.04.1-Ubuntu SMP Thu May 17 13:00:11 UTC 2018
nodename: huang-VirtualBox
machine: i686
clock source: unix
detected number of CPU cores: 1
current working directory: /home/huang/flask_app
detected binary path: /home/huang/.pyenv/versions/3.6.5/envs/flask_env3/bin/uwsgi
!!! no internal routing support, rebuild with pcre support !!!
uWSGI running as root, you can use --uid/--gid/--chroot options
*** WARNING: you are running uWSGI as root !!! (use the --uid flag) *** 
chdir() to /home/ubuntu/flask_app
chdir(): No such file or directory [core/uwsgi.c line 2591]
[uWSGI] getting INI configuration from uwsgi.ini
*** Starting uWSGI 2.0.15 (32bit) on [Tue May 29 21:33:44 2018] ***
compiled with version: 5.4.0 20160609 on 18 May 2018 17:29:33
os: Linux-4.13.0-43-generic #48~16.04.1-Ubuntu SMP Thu May 17 13:00:11 UTC 2018
nodename: huang-VirtualBox
machine: i686
clock source: unix
detected number of CPU cores: 1
current working directory: /home/huang/flask_app
detected binary path: /home/huang/.pyenv/versions/3.6.5/envs/flask_env3/bin/uwsgi
!!! no internal routing support, rebuild with pcre support !!!
uWSGI running as root, you can use --uid/--gid/--chroot options
*** WARNING: you are running uWSGI as root !!! (use the --uid flag) *** 
chdir() to /home/ubuntu/flask_app
chdir(): No such file or directory [core/uwsgi.c line 2591]
[uWSGI] getting INI configuration from uwsgi.ini
*** Starting uWSGI 2.0.15 (32bit) on [Tue May 29 21:33:46 2018] ***
compiled with version: 5.4.0 20160609 on 18 May 2018 17:29:33
os: Linux-4.13.0-43-generic #48~16.04.1-Ubuntu SMP Thu May 17 13:00:11 UTC 2018
nodename: huang-VirtualBox
machine: i686
clock source: unix
detected number of CPU cores: 1
current working directory: /home/huang/flask_app
detected binary path: /home/huang/.pyenv/versions/3.6.5/envs/flask_env3/bin/uwsgi
!!! no internal routing support, rebuild with pcre support !!!
uWSGI running as root, you can use --uid/--gid/--chroot options
*** WARNING: you are running uWSGI as root !!! (use the --uid flag) *** 
chdir() to /home/ubuntu/flask_app
chdir(): No such file or directory [core/uwsgi.c line 2591]
[uWSGI] getting INI configuration from uwsgi.ini
*** Starting uWSGI 2.0.15 (32bit) on [Tue May 29 21:33:50 2018] ***
compiled with version: 5.4.0 20160609 on 18 May 2018 17:29:33
os: Linux-4.13.0-43-generic #48~16.04.1-Ubuntu SMP Thu May 17 13:00:11 UTC 2018
nodename: huang-VirtualBox
machine: i686
clock source: unix
detected number of CPU cores: 1
current working directory: /home/huang/flask_app
detected binary path: /home/huang/.pyenv/versions/3.6.5/envs/flask_env3/bin/uwsgi
!!! no internal routing support, rebuild with pcre support !!!
uWSGI running as root, you can use --uid/--gid/--chroot options
*** WARNING: you are running uWSGI as root !!! (use the --uid flag) *** 
chdir() to /home/ubuntu/flask_app
chdir(): No such file or directory [core/uwsgi.c line 2591]
[uWSGI] getting INI configuration from uwsgi.ini
*** Starting uWSGI 2.0.15 (32bit) on [Tue May 29 21:36:58 2018] ***
compiled with version: 5.4.0 20160609 on 18 May 2018 17:29:33
os: Linux-4.13.0-43-generic #48~16.04.1-Ubuntu SMP Thu May 17 13:00:11 UTC 2018
nodename: huang-VirtualBox
machine: i686
clock source: unix
detected number of CPU cores: 1
current working directory: /home/huang/flask_app
detected binary path: /home/huang/.pyenv/versions/3.6.5/envs/flask_env3/bin/uwsgi
!!! no internal routing support, rebuild with pcre support !!!
uWSGI running as root, you can use --uid/--gid/--chroot options
*** WARNING: you are running uWSGI as root !!! (use the --uid flag) *** 
chdir() to /home/ubuntu/flask_app
chdir(): No such file or directory [core/uwsgi.c line 2591]
[uWSGI] getting INI configuration from uwsgi.ini
*** Starting uWSGI 2.0.15 (32bit) on [Tue May 29 21:37:00 2018] ***
compiled with version: 5.4.0 20160609 on 18 May 2018 17:29:33
os: Linux-4.13.0-43-generic #48~16.04.1-Ubuntu SMP Thu May 17 13:00:11 UTC 2018
nodename: huang-VirtualBox
machine: i686
clock source: unix
detected number of CPU cores: 1
current working directory: /home/huang/flask_app
detected binary path: /home/huang/.pyenv/versions/3.6.5/envs/flask_env3/bin/uwsgi
!!! no internal routing support, rebuild with pcre support !!!
uWSGI running as root, you can use --uid/--gid/--chroot options
*** WARNING: you are running uWSGI as root !!! (use the --uid flag) *** 
chdir() to /home/ubuntu/flask_app
chdir(): No such file or directory [core/uwsgi.c line 2591]
[uWSGI] getting INI configuration from uwsgi.ini
*** Starting uWSGI 2.0.15 (32bit) on [Tue May 29 21:37:03 2018] ***
compiled with version: 5.4.0 20160609 on 18 May 2018 17:29:33
os: Linux-4.13.0-43-generic #48~16.04.1-Ubuntu SMP Thu May 17 13:00:11 UTC 2018
nodename: huang-VirtualBox
machine: i686
clock source: unix
detected number of CPU cores: 1
current working directory: /home/huang/flask_app
detected binary path: /home/huang/.pyenv/versions/3.6.5/envs/flask_env3/bin/uwsgi
!!! no internal routing support, rebuild with pcre support !!!
uWSGI running as root, you can use --uid/--gid/--chroot options
*** WARNING: you are running uWSGI as root !!! (use the --uid flag) *** 
chdir() to /home/ubuntu/flask_app
chdir(): No such file or directory [core/uwsgi.c line 2591]
[uWSGI] getting INI configuration from uwsgi.ini
*** Starting uWSGI 2.0.15 (32bit) on [Tue May 29 21:37:06 2018] ***
compiled with version: 5.4.0 20160609 on 18 May 2018 17:29:33
os: Linux-4.13.0-43-generic #48~16.04.1-Ubuntu SMP Thu May 17 13:00:11 UTC 2018
nodename: huang-VirtualBox
machine: i686
clock source: unix
detected number of CPU cores: 1
current working directory: /home/huang/flask_app
detected binary path: /home/huang/.pyenv/versions/3.6.5/envs/flask_env3/bin/uwsgi
!!! no internal routing support, rebuild with pcre support !!!
uWSGI running as root, you can use --uid/--gid/--chroot options
*** WARNING: you are running uWSGI as root !!! (use the --uid flag) *** 
chdir() to /home/ubuntu/flask_app
chdir(): No such file or directory [core/uwsgi.c line 2591]
[uWSGI] getting INI configuration from uwsgi.ini
*** Starting uWSGI 2.0.15 (32bit) on [Tue May 29 21:37:42 2018] ***
compiled with version: 5.4.0 20160609 on 18 May 2018 17:29:33
os: Linux-4.13.0-43-generic #48~16.04.1-Ubuntu SMP Thu May 17 13:00:11 UTC 2018
nodename: huang-VirtualBox
machine: i686
clock source: unix
detected number of CPU cores: 1
current working directory: /home/huang/flask_app
detected binary path: /home/huang/.pyenv/versions/3.6.5/envs/flask_env3/bin/uwsgi
!!! no internal routing support, rebuild with pcre support !!!
chdir() to /home/ubuntu/flask_app
chdir(): No such file or directory [core/uwsgi.c line 2591]
[uWSGI] getting INI configuration from uwsgi.ini
*** Starting uWSGI 2.0.15 (32bit) on [Tue May 29 21:37:43 2018] ***
compiled with version: 5.4.0 20160609 on 18 May 2018 17:29:33
os: Linux-4.13.0-43-generic #48~16.04.1-Ubuntu SMP Thu May 17 13:00:11 UTC 2018
nodename: huang-VirtualBox
machine: i686
clock source: unix
detected number of CPU cores: 1
current working directory: /home/huang/flask_app
detected binary path: /home/huang/.pyenv/versions/3.6.5/envs/flask_env3/bin/uwsgi
!!! no internal routing support, rebuild with pcre support !!!
chdir() to /home/ubuntu/flask_app
chdir(): No such file or directory [core/uwsgi.c line 2591]
[uWSGI] getting INI configuration from uwsgi.ini
*** Starting uWSGI 2.0.15 (32bit) on [Tue May 29 21:37:45 2018] ***
compiled with version: 5.4.0 20160609 on 18 May 2018 17:29:33
os: Linux-4.13.0-43-generic #48~16.04.1-Ubuntu SMP Thu May 17 13:00:11 UTC 2018
nodename: huang-VirtualBox
machine: i686
clock source: unix
detected number of CPU cores: 1
current working directory: /home/huang/flask_app
detected binary path: /home/huang/.pyenv/versions/3.6.5/envs/flask_env3/bin/uwsgi
!!! no internal routing support, rebuild with pcre support !!!
chdir() to /home/ubuntu/flask_app
chdir(): No such file or directory [core/uwsgi.c line 2591]
[uWSGI] getting INI configuration from uwsgi.ini
*** Starting uWSGI 2.0.15 (32bit) on [Tue May 29 21:37:48 2018] ***
compiled with version: 5.4.0 20160609 on 18 May 2018 17:29:33
os: Linux-4.13.0-43-generic #48~16.04.1-Ubuntu SMP Thu May 17 13:00:11 UTC 2018
nodename: huang-VirtualBox
machine: i686
clock source: unix
detected number of CPU cores: 1
current working directory: /home/huang/flask_app
detected binary path: /home/huang/.pyenv/versions/3.6.5/envs/flask_env3/bin/uwsgi
!!! no internal routing support, rebuild with pcre support !!!
chdir() to /home/ubuntu/flask_app
chdir(): No such file or directory [core/uwsgi.c line 2591]
[uWSGI] getting INI configuration from uwsgi.ini
*** Starting uWSGI 2.0.15 (32bit) on [Tue May 29 21:52:54 2018] ***
compiled with version: 5.4.0 20160609 on 18 May 2018 17:29:33
os: Linux-4.13.0-43-generic #48~16.04.1-Ubuntu SMP Thu May 17 13:00:11 UTC 2018
nodename: huang-VirtualBox
machine: i686
clock source: unix
detected number of CPU cores: 1
current working directory: /home/huang/flask_app
detected binary path: /home/huang/.pyenv/versions/3.6.5/envs/flask_env3/bin/uwsgi
!!! no internal routing support, rebuild with pcre support !!!
uWSGI running as root, you can use --uid/--gid/--chroot options
*** WARNING: you are running uWSGI as root !!! (use the --uid flag) *** 
chdir() to /home/ubuntu/flask_app
chdir(): No such file or directory [core/uwsgi.c line 2591]
[uWSGI] getting INI configuration from uwsgi.ini
*** Starting uWSGI 2.0.15 (32bit) on [Tue May 29 21:52:55 2018] ***
compiled with version: 5.4.0 20160609 on 18 May 2018 17:29:33
os: Linux-4.13.0-43-generic #48~16.04.1-Ubuntu SMP Thu May 17 13:00:11 UTC 2018
nodename: huang-VirtualBox
machine: i686
clock source: unix
detected number of CPU cores: 1
current working directory: /home/huang/flask_app
detected binary path: /home/huang/.pyenv/versions/3.6.5/envs/flask_env3/bin/uwsgi
!!! no internal routing support, rebuild with pcre support !!!
uWSGI running as root, you can use --uid/--gid/--chroot options
*** WARNING: you are running uWSGI as root !!! (use the --uid flag) *** 
chdir() to /home/ubuntu/flask_app
chdir(): No such file or directory [core/uwsgi.c line 2591]
[uWSGI] getting INI configuration from uwsgi.ini
*** Starting uWSGI 2.0.15 (32bit) on [Tue May 29 21:52:57 2018] ***
compiled with version: 5.4.0 20160609 on 18 May 2018 17:29:33
os: Linux-4.13.0-43-generic #48~16.04.1-Ubuntu SMP Thu May 17 13:00:11 UTC 2018
nodename: huang-VirtualBox
machine: i686
clock source: unix
detected number of CPU cores: 1
current working directory: /home/huang/flask_app
detected binary path: /home/huang/.pyenv/versions/3.6.5/envs/flask_env3/bin/uwsgi
!!! no internal routing support, rebuild with pcre support !!!
uWSGI running as root, you can use --uid/--gid/--chroot options
*** WARNING: you are running uWSGI as root !!! (use the --uid flag) *** 
chdir() to /home/ubuntu/flask_app
chdir(): No such file or directory [core/uwsgi.c line 2591]
[uWSGI] getting INI configuration from uwsgi.ini
*** Starting uWSGI 2.0.15 (32bit) on [Tue May 29 21:53:00 2018] ***
compiled with version: 5.4.0 20160609 on 18 May 2018 17:29:33
os: Linux-4.13.0-43-generic #48~16.04.1-Ubuntu SMP Thu May 17 13:00:11 UTC 2018
nodename: huang-VirtualBox
machine: i686
clock source: unix
detected number of CPU cores: 1
current working directory: /home/huang/flask_app
detected binary path: /home/huang/.pyenv/versions/3.6.5/envs/flask_env3/bin/uwsgi
!!! no internal routing support, rebuild with pcre support !!!
uWSGI running as root, you can use --uid/--gid/--chroot options
*** WARNING: you are running uWSGI as root !!! (use the --uid flag) *** 
chdir() to /home/ubuntu/flask_app
chdir(): No such file or directory [core/uwsgi.c line 2591]
